\BOOKMARK [1][-]{section.1}{\376\377\126\376\210\150\143\322\121\145\171\072\117\213}{}% 1
\BOOKMARK [2][-]{subsection.1.1}{\376\377\126\376\162\107\143\322\121\145\171\072\117\213}{section.1}% 2
\BOOKMARK [2][-]{subsection.1.2}{\376\377\210\150\150\074\143\322\121\145\171\072\117\213}{section.1}% 3
\BOOKMARK [1][-]{section.2}{\376\377\225\356\230\230\200\314\146\157}{}% 4
\BOOKMARK [1][-]{section.3}{\376\377\225\356\230\230\122\006\147\220}{}% 5
\BOOKMARK [2][-]{subsection.3.1}{\376\377\225\356\230\230\145\164\117\123\176\323\147\204}{section.3}% 6
\BOOKMARK [2][-]{subsection.3.2}{\376\377\121\163\225\056\226\276\160\271\122\006\147\220}{section.3}% 7
\BOOKMARK [1][-]{section.4}{\376\377\152\041\127\213\127\372\147\054\120\107\213\276}{}% 8
\BOOKMARK [1][-]{section.5}{\376\377\145\160\143\156\230\204\131\004\164\006\116\016\162\171\137\201\135\345\172\013}{}% 9
\BOOKMARK [2][-]{subsection.5.1}{\376\377\123\237\131\313\145\160\143\156\156\005\155\027}{section.5}% 10
\BOOKMARK [2][-]{subsection.5.2}{\376\377\210\145\121\105\145\160\143\156}{section.5}% 11
\BOOKMARK [2][-]{subsection.5.3}{\376\377\162\171\137\201\135\345\172\013}{section.5}% 12
\BOOKMARK [1][-]{section.6}{\376\377\225\356\230\230\116\000\152\041\127\213\147\204\136\372\116\016\154\102\211\343}{}% 13
\BOOKMARK [2][-]{subsection.6.1}{\376\377\225\356\230\230\116\000\122\006\147\220}{section.6}% 14
\BOOKMARK [2][-]{subsection.6.2}{\376\377\225\356\230\230\116\000\210\145\121\105\120\107\213\276}{section.6}% 15
\BOOKMARK [2][-]{subsection.6.3}{\376\377\152\041\127\213\136\372\172\313}{section.6}% 16
\BOOKMARK [2][-]{subsection.6.4}{\376\377\152\041\127\213\154\102\211\343}{section.6}% 17
\BOOKMARK [2][-]{subsection.6.5}{\376\377\176\323\147\234\116\016\122\006\147\220}{section.6}% 18
\BOOKMARK [1][-]{section.7}{\376\377\225\356\230\230\116\214\152\041\127\213\147\204\136\372\116\016\154\102\211\343}{}% 19
\BOOKMARK [2][-]{subsection.7.1}{\376\377\225\356\230\230\116\214\122\006\147\220}{section.7}% 20
\BOOKMARK [2][-]{subsection.7.2}{\376\377\225\356\230\230\116\214\210\145\121\105\120\107\213\276}{section.7}% 21
\BOOKMARK [2][-]{subsection.7.3}{\376\377\152\041\127\213\136\372\172\313}{section.7}% 22
\BOOKMARK [2][-]{subsection.7.4}{\376\377\152\041\127\213\154\102\211\343}{section.7}% 23
\BOOKMARK [2][-]{subsection.7.5}{\376\377\176\323\147\234\116\016\122\006\147\220}{section.7}% 24
\BOOKMARK [1][-]{section.8}{\376\377\225\356\230\230\116\011\152\041\127\213\147\204\136\372\116\016\154\102\211\343}{}% 25
\BOOKMARK [2][-]{subsection.8.1}{\376\377\225\356\230\230\116\011\122\006\147\220}{section.8}% 26
\BOOKMARK [2][-]{subsection.8.2}{\376\377\225\356\230\230\116\011\210\145\121\105\120\107\213\276}{section.8}% 27
\BOOKMARK [2][-]{subsection.8.3}{\376\377\152\041\127\213\136\372\172\313}{section.8}% 28
\BOOKMARK [2][-]{subsection.8.4}{\376\377\152\041\127\213\154\102\211\343}{section.8}% 29
\BOOKMARK [2][-]{subsection.8.5}{\376\377\176\323\147\234\116\016\122\006\147\220}{section.8}% 30
\BOOKMARK [1][-]{section.9}{\376\377\152\041\127\213\213\304\116\367\116\016\145\071\217\333}{}% 31
\BOOKMARK [2][-]{subsection.9.1}{\376\377\152\041\127\213\117\030\160\271}{section.9}% 32
\BOOKMARK [2][-]{subsection.9.2}{\376\377\152\041\127\213\134\100\226\120\140\047}{section.9}% 33
\BOOKMARK [2][-]{subsection.9.3}{\376\377\145\071\217\333\145\271\124\021}{section.9}% 34
\BOOKMARK [1][-]{section.10}{\376\377\140\073\176\323}{}% 35
\BOOKMARK [1][-]{section.11}{\376\377\123\302\200\003\145\207\163\056}{}% 36
\BOOKMARK [1][-]{section.12}{\376\377\226\104\137\125}{}% 37
\BOOKMARK [2][-]{subsection.12.1}{\376\377\116\343\170\001\152\041\127\127}{section.12}% 38
\BOOKMARK [2][-]{subsection.12.2}{\376\377\210\145\121\105\145\160\143\156\116\016\126\376\210\150}{section.12}% 39
